# JRE version: Java(TM) SE Runtime Environment (8.0_60-b27) (build 1.8.0_60-b27)
# Java VM: Java HotSpot(TM) 64-Bit Server VM (25.60-b23 mixed mode windows-amd64 compressed oops)
Heap:
 PSYoungGen      total 278016K, used 29597K [0x00000000eab00000, 0x00000000fdf80000, 0x0000000100000000)
  eden space 258560K, 4% used [0x00000000eab00000,0x00000000eb5e47a8,0x00000000fa780000)
  from space 19456K, 94% used [0x00000000fcc80000,0x00000000fde82d50,0x00000000fdf80000)
  to   space 28672K, 0% used [0x00000000fa780000,0x00000000fa780000,0x00000000fc380000)
 ParOldGen       total 94720K, used 43217K [0x00000000c0000000, 0x00000000c5c80000, 0x00000000eab00000)
  object space 94720K, 45% used [0x00000000c0000000,0x00000000c2a34530,0x00000000c5c80000)
 Metaspace       used 70750K, capacity 74922K, committed 75136K, reserved 1114112K
  class space    used 9372K, capacity 10105K, committed 10112K, reserved 1048576K
GC Heap History (10 events):
Event: 2932.305 GC heap before
{Heap before GC invocations=27 (full 5):
 PSYoungGen      total 250368K, used 243899K [0x00000000eab00000, 0x00000000fd900000, 0x0000000100000000)
  eden space 225280K, 100% used [0x00000000eab00000,0x00000000f8700000,0x00000000f8700000)
  from space 25088K, 74% used [0x00000000f8700000,0x00000000f992ee60,0x00000000f9f80000)
  to   space 26624K, 0% used [0x00000000fbf00000,0x00000000fbf00000,0x00000000fd900000)
 ParOldGen       total 94720K, used 43177K [0x00000000c0000000, 0x00000000c5c80000, 0x00000000eab00000)
  object space 94720K, 45% used [0x00000000c0000000,0x00000000c2a2a530,0x00000000c5c80000)
 Metaspace       used 64284K, capacity 67326K, committed 67584K, reserved 1107968K
  class space    used 8496K, capacity 9078K, committed 9216K, reserved 1048576K
Event: 2932.321 GC heap after
Heap after GC invocations=27 (full 5):
 PSYoungGen      total 272384K, used 7344K [0x00000000eab00000, 0x00000000fd300000, 0x0000000100000000)
  eden space 251904K, 0% used [0x00000000eab00000,0x00000000eab00000,0x00000000fa100000)
  from space 20480K, 35% used [0x00000000fbf00000,0x00000000fc62c010,0x00000000fd300000)
  to   space 25600K, 0% used [0x00000000fa100000,0x00000000fa100000,0x00000000fba00000)
 ParOldGen       total 94720K, used 43185K [0x00000000c0000000, 0x00000000c5c80000, 0x00000000eab00000)
  object space 94720K, 45% used [0x00000000c0000000,0x00000000c2a2c530,0x00000000c5c80000)
 Metaspace       used 64284K, capacity 67326K, committed 67584K, reserved 1107968K
  class space    used 8496K, capacity 9078K, committed 9216K, reserved 1048576K
}
Event: 2937.262 GC heap before
{Heap before GC invocations=28 (full 5):
 PSYoungGen      total 272384K, used 257856K [0x00000000eab00000, 0x00000000fd300000, 0x0000000100000000)
  eden space 251904K, 99% used [0x00000000eab00000,0x00000000f9fa4298,0x00000000fa100000)
  from space 20480K, 35% used [0x00000000fbf00000,0x00000000fc62c010,0x00000000fd300000)
  to   space 25600K, 0% used [0x00000000fa100000,0x00000000fa100000,0x00000000fba00000)
 ParOldGen       total 94720K, used 43185K [0x00000000c0000000, 0x00000000c5c80000, 0x00000000eab00000)
  object space 94720K, 45% used [0x00000000c0000000,0x00000000c2a2c530,0x00000000c5c80000)
 Metaspace       used 65142K, capacity 68548K, committed 68736K, reserved 1107968K
  class space    used 8628K, capacity 9268K, committed 9344K, reserved 1048576K
Event: 2937.286 GC heap after
Heap after GC invocations=28 (full 5):
 PSYoungGen      total 277504K, used 24240K [0x00000000eab00000, 0x00000000ff880000, 0x0000000100000000)
  eden space 251904K, 0% used [0x00000000eab00000,0x00000000eab00000,0x00000000fa100000)
  from space 25600K, 94% used [0x00000000fa100000,0x00000000fb8ac2a0,0x00000000fba00000)
  to   space 29184K, 0% used [0x00000000fdc00000,0x00000000fdc00000,0x00000000ff880000)
 ParOldGen       total 94720K, used 43193K [0x00000000c0000000, 0x00000000c5c80000, 0x00000000eab00000)
  object space 94720K, 45% used [0x00000000c0000000,0x00000000c2a2e530,0x00000000c5c80000)
 Metaspace       used 65142K, capacity 68548K, committed 68736K, reserved 1107968K
  class space    used 8628K, capacity 9268K, committed 9344K, reserved 1048576K
}
Event: 2958.548 GC heap before
{Heap before GC invocations=29 (full 5):
 PSYoungGen      total 277504K, used 276144K [0x00000000eab00000, 0x00000000ff880000, 0x0000000100000000)
  eden space 251904K, 100% used [0x00000000eab00000,0x00000000fa100000,0x00000000fa100000)
  from space 25600K, 94% used [0x00000000fa100000,0x00000000fb8ac2a0,0x00000000fba00000)
  to   space 29184K, 0% used [0x00000000fdc00000,0x00000000fdc00000,0x00000000ff880000)
 ParOldGen       total 94720K, used 43193K [0x00000000c0000000, 0x00000000c5c80000, 0x00000000eab00000)
  object space 94720K, 45% used [0x00000000c0000000,0x00000000c2a2e530,0x00000000c5c80000)
 Metaspace       used 66274K, capacity 70032K, committed 70272K, reserved 1110016K
  class space    used 8800K, capacity 9486K, committed 9600K, reserved 1048576K
Event: 2958.574 GC heap after
Heap after GC invocations=29 (full 5):
 PSYoungGen      total 303104K, used 13420K [0x00000000eab00000, 0x00000000ff300000, 0x0000000100000000)
  eden space 279552K, 0% used [0x00000000eab00000,0x00000000eab00000,0x00000000fbc00000)
  from space 23552K, 56% used [0x00000000fdc00000,0x00000000fe91b270,0x00000000ff300000)
  to   space 28160K, 0% used [0x00000000fbc00000,0x00000000fbc00000,0x00000000fd780000)
 ParOldGen       total 94720K, used 43201K [0x00000000c0000000, 0x00000000c5c80000, 0x00000000eab00000)
  object space 94720K, 45% used [0x00000000c0000000,0x00000000c2a30530,0x00000000c5c80000)
 Metaspace       used 66274K, capacity 70032K, committed 70272K, reserved 1110016K
  class space    used 8800K, capacity 9486K, committed 9600K, reserved 1048576K
}
Event: 6459.903 GC heap before
{Heap before GC invocations=30 (full 5):
 PSYoungGen      total 303104K, used 292972K [0x00000000eab00000, 0x00000000ff300000, 0x0000000100000000)
  eden space 279552K, 100% used [0x00000000eab00000,0x00000000fbc00000,0x00000000fbc00000)
  from space 23552K, 56% used [0x00000000fdc00000,0x00000000fe91b270,0x00000000ff300000)
  to   space 28160K, 0% used [0x00000000fbc00000,0x00000000fbc00000,0x00000000fd780000)
 ParOldGen       total 94720K, used 43201K [0x00000000c0000000, 0x00000000c5c80000, 0x00000000eab00000)
  object space 94720K, 45% used [0x00000000c0000000,0x00000000c2a30530,0x00000000c5c80000)
 Metaspace       used 66680K, capacity 70750K, committed 71040K, reserved 1110016K
  class space    used 8842K, capacity 9549K, committed 9600K, reserved 1048576K
Event: 6460.017 GC heap after
Heap after GC invocations=30 (full 5):
 PSYoungGen      total 284672K, used 15486K [0x00000000eab00000, 0x00000000fe780000, 0x0000000100000000)
  eden space 268800K, 0% used [0x00000000eab00000,0x00000000eab00000,0x00000000fb180000)
  from space 15872K, 97% used [0x00000000fbc00000,0x00000000fcb1f880,0x00000000fcb80000)
  to   space 27648K, 0% used [0x00000000fcc80000,0x00000000fcc80000,0x00000000fe780000)
 ParOldGen       total 94720K, used 43209K [0x00000000c0000000, 0x00000000c5c80000, 0x00000000eab00000)
  object space 94720K, 45% used [0x00000000c0000000,0x00000000c2a32530,0x00000000c5c80000)
 Metaspace       used 66680K, capacity 70750K, committed 71040K, reserved 1110016K
  class space    used 8842K, capacity 9549K, committed 9600K, reserved 1048576K
}
Event: 6475.795 GC heap before
{Heap before GC invocations=31 (full 5):
 PSYoungGen      total 284672K, used 284286K [0x00000000eab00000, 0x00000000fe780000, 0x0000000100000000)
  eden space 268800K, 100% used [0x00000000eab00000,0x00000000fb180000,0x00000000fb180000)
  from space 15872K, 97% used [0x00000000fbc00000,0x00000000fcb1f880,0x00000000fcb80000)
  to   space 27648K, 0% used [0x00000000fcc80000,0x00000000fcc80000,0x00000000fe780000)
 ParOldGen       total 94720K, used 43209K [0x00000000c0000000, 0x00000000c5c80000, 0x00000000eab00000)
  object space 94720K, 45% used [0x00000000c0000000,0x00000000c2a32530,0x00000000c5c80000)
 Metaspace       used 70747K, capacity 74922K, committed 75136K, reserved 1114112K
  class space    used 9372K, capacity 10105K, committed 10112K, reserved 1048576K
Event: 6475.851 GC heap after
Heap after GC invocations=31 (full 5):
 PSYoungGen      total 278016K, used 18443K [0x00000000eab00000, 0x00000000fdf80000, 0x0000000100000000)
  eden space 258560K, 0% used [0x00000000eab00000,0x00000000eab00000,0x00000000fa780000)
  from space 19456K, 94% used [0x00000000fcc80000,0x00000000fde82d50,0x00000000fdf80000)
  to   space 28672K, 0% used [0x00000000fa780000,0x00000000fa780000,0x00000000fc380000)
 ParOldGen       total 94720K, used 43217K [0x00000000c0000000, 0x00000000c5c80000, 0x00000000eab00000)
  object space 94720K, 45% used [0x00000000c0000000,0x00000000c2a34530,0x00000000c5c80000)
 Metaspace       used 70747K, capacity 74922K, committed 75136K, reserved 1114112K
  class space    used 9372K, capacity 10105K, committed 10112K, reserved 1048576K
}

