# JRE version: Java(TM) SE Runtime Environment (8.0_60-b27) (build 1.8.0_60-b27)
# Java VM: Java HotSpot(TM) 64-Bit Server VM (25.60-b23 mixed mode windows-amd64 compressed oops)
Heap:
 PSYoungGen      total 257024K, used 61066K [0x00000000eab00000, 0x00000000fe600000, 0x0000000100000000)
  eden space 235008K, 16% used [0x00000000eab00000,0x00000000ed1da760,0x00000000f9080000)
  from space 22016K, 96% used [0x00000000f9080000,0x00000000fa5481c0,0x00000000fa600000)
  to   space 24576K, 0% used [0x00000000fce00000,0x00000000fce00000,0x00000000fe600000)
 ParOldGen       total 93184K, used 42958K [0x00000000c0000000, 0x00000000c5b00000, 0x00000000eab00000)
  object space 93184K, 46% used [0x00000000c0000000,0x00000000c29f3998,0x00000000c5b00000)
 Metaspace       used 60017K, capacity 62776K, committed 62976K, reserved 1103872K
  class space    used 8087K, capacity 8663K, committed 8704K, reserved 1048576K
GC Heap History (10 events):
Event: 20.659 GC heap before
{Heap before GC invocations=14 (full 2):
 PSYoungGen      total 169472K, used 58414K [0x00000000eab00000, 0x00000000f9780000, 0x0000000100000000)
  eden space 154112K, 27% used [0x00000000eab00000,0x00000000ed50f718,0x00000000f4180000)
  from space 15360K, 99% used [0x00000000f4180000,0x00000000f507c4e0,0x00000000f5080000)
  to   space 22528K, 0% used [0x00000000f8180000,0x00000000f8180000,0x00000000f9780000)
 ParOldGen       total 93184K, used 33602K [0x00000000c0000000, 0x00000000c5b00000, 0x00000000eab00000)
  object space 93184K, 36% used [0x00000000c0000000,0x00000000c20d0970,0x00000000c5b00000)
 Metaspace       used 53350K, capacity 55544K, committed 55808K, reserved 1097728K
  class space    used 7384K, capacity 7891K, committed 7936K, reserved 1048576K
Event: 20.686 GC heap after
Heap after GC invocations=14 (full 2):
 PSYoungGen      total 218112K, used 17359K [0x00000000eab00000, 0x00000000f9a80000, 0x0000000100000000)
  eden space 195584K, 0% used [0x00000000eab00000,0x00000000eab00000,0x00000000f6a00000)
  from space 22528K, 77% used [0x00000000f8180000,0x00000000f9273fa8,0x00000000f9780000)
  to   space 24064K, 0% used [0x00000000f6a00000,0x00000000f6a00000,0x00000000f8180000)
 ParOldGen       total 93184K, used 33610K [0x00000000c0000000, 0x00000000c5b00000, 0x00000000eab00000)
  object space 93184K, 36% used [0x00000000c0000000,0x00000000c20d2970,0x00000000c5b00000)
 Metaspace       used 53350K, capacity 55544K, committed 55808K, reserved 1097728K
  class space    used 7384K, capacity 7891K, committed 7936K, reserved 1048576K
}
Event: 20.686 GC heap before
{Heap before GC invocations=15 (full 3):
 PSYoungGen      total 218112K, used 17359K [0x00000000eab00000, 0x00000000f9a80000, 0x0000000100000000)
  eden space 195584K, 0% used [0x00000000eab00000,0x00000000eab00000,0x00000000f6a00000)
  from space 22528K, 77% used [0x00000000f8180000,0x00000000f9273fa8,0x00000000f9780000)
  to   space 24064K, 0% used [0x00000000f6a00000,0x00000000f6a00000,0x00000000f8180000)
 ParOldGen       total 93184K, used 33610K [0x00000000c0000000, 0x00000000c5b00000, 0x00000000eab00000)
  object space 93184K, 36% used [0x00000000c0000000,0x00000000c20d2970,0x00000000c5b00000)
 Metaspace       used 53350K, capacity 55544K, committed 55808K, reserved 1097728K
  class space    used 7384K, capacity 7891K, committed 7936K, reserved 1048576K
Event: 21.059 GC heap after
Heap after GC invocations=15 (full 3):
 PSYoungGen      total 218112K, used 0K [0x00000000eab00000, 0x00000000f9a80000, 0x0000000100000000)
  eden space 195584K, 0% used [0x00000000eab00000,0x00000000eab00000,0x00000000f6a00000)
  from space 22528K, 0% used [0x00000000f8180000,0x00000000f8180000,0x00000000f9780000)
  to   space 24064K, 0% used [0x00000000f6a00000,0x00000000f6a00000,0x00000000f8180000)
 ParOldGen       total 93184K, used 42934K [0x00000000c0000000, 0x00000000c5b00000, 0x00000000eab00000)
  object space 93184K, 46% used [0x00000000c0000000,0x00000000c29ed998,0x00000000c5b00000)
 Metaspace       used 53350K, capacity 55544K, committed 55808K, reserved 1097728K
  class space    used 7384K, capacity 7891K, committed 7936K, reserved 1048576K
}
Event: 34.434 GC heap before
{Heap before GC invocations=16 (full 3):
 PSYoungGen      total 218112K, used 195584K [0x00000000eab00000, 0x00000000f9a80000, 0x0000000100000000)
  eden space 195584K, 100% used [0x00000000eab00000,0x00000000f6a00000,0x00000000f6a00000)
  from space 22528K, 0% used [0x00000000f8180000,0x00000000f8180000,0x00000000f9780000)
  to   space 24064K, 0% used [0x00000000f6a00000,0x00000000f6a00000,0x00000000f8180000)
 ParOldGen       total 93184K, used 42934K [0x00000000c0000000, 0x00000000c5b00000, 0x00000000eab00000)
  object space 93184K, 46% used [0x00000000c0000000,0x00000000c29ed998,0x00000000c5b00000)
 Metaspace       used 56956K, capacity 59352K, committed 59520K, reserved 1099776K
  class space    used 7758K, capacity 8265K, committed 8320K, reserved 1048576K
Event: 34.451 GC heap after
Heap after GC invocations=16 (full 3):
 PSYoungGen      total 219648K, used 11187K [0x00000000eab00000, 0x00000000fc380000, 0x0000000100000000)
  eden space 195584K, 0% used [0x00000000eab00000,0x00000000eab00000,0x00000000f6a00000)
  from space 24064K, 46% used [0x00000000f6a00000,0x00000000f74ecd70,0x00000000f8180000)
  to   space 22528K, 0% used [0x00000000fad80000,0x00000000fad80000,0x00000000fc380000)
 ParOldGen       total 93184K, used 42942K [0x00000000c0000000, 0x00000000c5b00000, 0x00000000eab00000)
  object space 93184K, 46% used [0x00000000c0000000,0x00000000c29ef998,0x00000000c5b00000)
 Metaspace       used 56956K, capacity 59352K, committed 59520K, reserved 1099776K
  class space    used 7758K, capacity 8265K, committed 8320K, reserved 1048576K
}
Event: 45.783 GC heap before
{Heap before GC invocations=17 (full 3):
 PSYoungGen      total 219648K, used 206771K [0x00000000eab00000, 0x00000000fc380000, 0x0000000100000000)
  eden space 195584K, 100% used [0x00000000eab00000,0x00000000f6a00000,0x00000000f6a00000)
  from space 24064K, 46% used [0x00000000f6a00000,0x00000000f74ecd70,0x00000000f8180000)
  to   space 22528K, 0% used [0x00000000fad80000,0x00000000fad80000,0x00000000fc380000)
 ParOldGen       total 93184K, used 42942K [0x00000000c0000000, 0x00000000c5b00000, 0x00000000eab00000)
  object space 93184K, 46% used [0x00000000c0000000,0x00000000c29ef998,0x00000000c5b00000)
 Metaspace       used 58942K, capacity 61424K, committed 61568K, reserved 1101824K
  class space    used 7979K, capacity 8539K, committed 8576K, reserved 1048576K
Event: 45.796 GC heap after
Heap after GC invocations=17 (full 3):
 PSYoungGen      total 249344K, used 9530K [0x00000000eab00000, 0x00000000fbb80000, 0x0000000100000000)
  eden space 235008K, 0% used [0x00000000eab00000,0x00000000eab00000,0x00000000f9080000)
  from space 14336K, 66% used [0x00000000fad80000,0x00000000fb6cebb0,0x00000000fbb80000)
  to   space 22016K, 0% used [0x00000000f9080000,0x00000000f9080000,0x00000000fa600000)
 ParOldGen       total 93184K, used 42950K [0x00000000c0000000, 0x00000000c5b00000, 0x00000000eab00000)
  object space 93184K, 46% used [0x00000000c0000000,0x00000000c29f1998,0x00000000c5b00000)
 Metaspace       used 58942K, capacity 61424K, committed 61568K, reserved 1101824K
  class space    used 7979K, capacity 8539K, committed 8576K, reserved 1048576K
}
Event: 982.291 GC heap before
{Heap before GC invocations=18 (full 3):
 PSYoungGen      total 249344K, used 244538K [0x00000000eab00000, 0x00000000fbb80000, 0x0000000100000000)
  eden space 235008K, 100% used [0x00000000eab00000,0x00000000f9080000,0x00000000f9080000)
  from space 14336K, 66% used [0x00000000fad80000,0x00000000fb6cebb0,0x00000000fbb80000)
  to   space 22016K, 0% used [0x00000000f9080000,0x00000000f9080000,0x00000000fa600000)
 ParOldGen       total 93184K, used 42950K [0x00000000c0000000, 0x00000000c5b00000, 0x00000000eab00000)
  object space 93184K, 46% used [0x00000000c0000000,0x00000000c29f1998,0x00000000c5b00000)
 Metaspace       used 59997K, capacity 62712K, committed 62976K, reserved 1103872K
  class space    used 8087K, capacity 8663K, committed 8704K, reserved 1048576K
Event: 982.320 GC heap after
Heap after GC invocations=18 (full 3):
 PSYoungGen      total 257024K, used 21280K [0x00000000eab00000, 0x00000000fe600000, 0x0000000100000000)
  eden space 235008K, 0% used [0x00000000eab00000,0x00000000eab00000,0x00000000f9080000)
  from space 22016K, 96% used [0x00000000f9080000,0x00000000fa5481c0,0x00000000fa600000)
  to   space 24576K, 0% used [0x00000000fce00000,0x00000000fce00000,0x00000000fe600000)
 ParOldGen       total 93184K, used 42958K [0x00000000c0000000, 0x00000000c5b00000, 0x00000000eab00000)
  object space 93184K, 46% used [0x00000000c0000000,0x00000000c29f3998,0x00000000c5b00000)
 Metaspace       used 59997K, capacity 62712K, committed 62976K, reserved 1103872K
  class space    used 8087K, capacity 8663K, committed 8704K, reserved 1048576K
}

