# JRE version: Java(TM) SE Runtime Environment (8.0_60-b27) (build 1.8.0_60-b27)
# Java VM: Java HotSpot(TM) 64-Bit Server VM (25.60-b23 mixed mode windows-amd64 compressed oops)
Heap:
 PSYoungGen      total 255488K, used 223935K [0x00000000eab00000, 0x00000000fd300000, 0x0000000100000000)
  eden space 231424K, 86% used [0x00000000eab00000,0x00000000f6e82020,0x00000000f8d00000)
  from space 24064K, 98% used [0x00000000f9580000,0x00000000facadcb8,0x00000000fad00000)
  to   space 35840K, 0% used [0x00000000fb000000,0x00000000fb000000,0x00000000fd300000)
 ParOldGen       total 94720K, used 56963K [0x00000000c0000000, 0x00000000c5c80000, 0x00000000eab00000)
  object space 94720K, 60% used [0x00000000c0000000,0x00000000c37a0ea0,0x00000000c5c80000)
 Metaspace       used 74339K, capacity 78722K, committed 78976K, reserved 1118208K
  class space    used 9766K, capacity 10568K, committed 10624K, reserved 1048576K
GC Heap History (10 events):
Event: 306.167 GC heap before
{Heap before GC invocations=22 (full 4):
 PSYoungGen      total 253952K, used 242747K [0x00000000eab00000, 0x00000000fd000000, 0x0000000100000000)
  eden space 230400K, 99% used [0x00000000eab00000,0x00000000f8b74128,0x00000000f8c00000)
  from space 23552K, 54% used [0x00000000f8c00000,0x00000000f989ad60,0x00000000fa300000)
  to   space 23040K, 0% used [0x00000000fb980000,0x00000000fb980000,0x00000000fd000000)
 ParOldGen       total 94720K, used 60721K [0x00000000c0000000, 0x00000000c5c80000, 0x00000000eab00000)
  object space 94720K, 64% used [0x00000000c0000000,0x00000000c3b4c470,0x00000000c5c80000)
 Metaspace       used 67909K, capacity 71660K, committed 71808K, reserved 1112064K
  class space    used 9037K, capacity 9764K, committed 9856K, reserved 1048576K
Event: 306.201 GC heap after
Heap after GC invocations=22 (full 4):
 PSYoungGen      total 272384K, used 23019K [0x00000000eab00000, 0x00000000fd700000, 0x0000000100000000)
  eden space 249344K, 0% used [0x00000000eab00000,0x00000000eab00000,0x00000000f9e80000)
  from space 23040K, 99% used [0x00000000fb980000,0x00000000fcffac90,0x00000000fd000000)
  to   space 27648K, 0% used [0x00000000f9e80000,0x00000000f9e80000,0x00000000fb980000)
 ParOldGen       total 94720K, used 64949K [0x00000000c0000000, 0x00000000c5c80000, 0x00000000eab00000)
  object space 94720K, 68% used [0x00000000c0000000,0x00000000c3f6d518,0x00000000c5c80000)
 Metaspace       used 67909K, capacity 71660K, committed 71808K, reserved 1112064K
  class space    used 9037K, capacity 9764K, committed 9856K, reserved 1048576K
}
Event: 526.063 GC heap before
{Heap before GC invocations=23 (full 4):
 PSYoungGen      total 272384K, used 272363K [0x00000000eab00000, 0x00000000fd700000, 0x0000000100000000)
  eden space 249344K, 100% used [0x00000000eab00000,0x00000000f9e80000,0x00000000f9e80000)
  from space 23040K, 99% used [0x00000000fb980000,0x00000000fcffac90,0x00000000fd000000)
  to   space 27648K, 0% used [0x00000000f9e80000,0x00000000f9e80000,0x00000000fb980000)
 ParOldGen       total 94720K, used 64949K [0x00000000c0000000, 0x00000000c5c80000, 0x00000000eab00000)
  object space 94720K, 68% used [0x00000000c0000000,0x00000000c3f6d518,0x00000000c5c80000)
 Metaspace       used 68089K, capacity 71938K, committed 72064K, reserved 1112064K
  class space    used 9050K, capacity 9781K, committed 9856K, reserved 1048576K
Event: 526.097 GC heap after
Heap after GC invocations=23 (full 4):
 PSYoungGen      total 267776K, used 27641K [0x00000000eab00000, 0x00000000fd480000, 0x0000000100000000)
  eden space 240128K, 0% used [0x00000000eab00000,0x00000000eab00000,0x00000000f9580000)
  from space 27648K, 99% used [0x00000000f9e80000,0x00000000fb97e7d0,0x00000000fb980000)
  to   space 27648K, 0% used [0x00000000fb980000,0x00000000fb980000,0x00000000fd480000)
 ParOldGen       total 94720K, used 67862K [0x00000000c0000000, 0x00000000c5c80000, 0x00000000eab00000)
  object space 94720K, 71% used [0x00000000c0000000,0x00000000c4245808,0x00000000c5c80000)
 Metaspace       used 68089K, capacity 71938K, committed 72064K, reserved 1112064K
  class space    used 9050K, capacity 9781K, committed 9856K, reserved 1048576K
}
Event: 531.711 GC heap before
{Heap before GC invocations=24 (full 4):
 PSYoungGen      total 267776K, used 154212K [0x00000000eab00000, 0x00000000fd480000, 0x0000000100000000)
  eden space 240128K, 52% used [0x00000000eab00000,0x00000000f269aaa8,0x00000000f9580000)
  from space 27648K, 99% used [0x00000000f9e80000,0x00000000fb97e7d0,0x00000000fb980000)
  to   space 27648K, 0% used [0x00000000fb980000,0x00000000fb980000,0x00000000fd480000)
 ParOldGen       total 94720K, used 67862K [0x00000000c0000000, 0x00000000c5c80000, 0x00000000eab00000)
  object space 94720K, 71% used [0x00000000c0000000,0x00000000c4245808,0x00000000c5c80000)
 Metaspace       used 68186K, capacity 72026K, committed 72320K, reserved 1112064K
  class space    used 9053K, capacity 9785K, committed 9856K, reserved 1048576K
Event: 531.742 GC heap after
Heap after GC invocations=24 (full 4):
 PSYoungGen      total 267776K, used 26163K [0x00000000eab00000, 0x00000000fd980000, 0x0000000100000000)
  eden space 240128K, 0% used [0x00000000eab00000,0x00000000eab00000,0x00000000f9580000)
  from space 27648K, 94% used [0x00000000fb980000,0x00000000fd30ceb0,0x00000000fd480000)
  to   space 34816K, 0% used [0x00000000f9580000,0x00000000f9580000,0x00000000fb780000)
 ParOldGen       total 94720K, used 67862K [0x00000000c0000000, 0x00000000c5c80000, 0x00000000eab00000)
  object space 94720K, 71% used [0x00000000c0000000,0x00000000c4245808,0x00000000c5c80000)
 Metaspace       used 68186K, capacity 72026K, committed 72320K, reserved 1112064K
  class space    used 9053K, capacity 9785K, committed 9856K, reserved 1048576K
}
Event: 531.742 GC heap before
{Heap before GC invocations=25 (full 5):
 PSYoungGen      total 267776K, used 26163K [0x00000000eab00000, 0x00000000fd980000, 0x0000000100000000)
  eden space 240128K, 0% used [0x00000000eab00000,0x00000000eab00000,0x00000000f9580000)
  from space 27648K, 94% used [0x00000000fb980000,0x00000000fd30ceb0,0x00000000fd480000)
  to   space 34816K, 0% used [0x00000000f9580000,0x00000000f9580000,0x00000000fb780000)
 ParOldGen       total 94720K, used 67862K [0x00000000c0000000, 0x00000000c5c80000, 0x00000000eab00000)
  object space 94720K, 71% used [0x00000000c0000000,0x00000000c4245808,0x00000000c5c80000)
 Metaspace       used 68186K, capacity 72026K, committed 72320K, reserved 1112064K
  class space    used 9053K, capacity 9785K, committed 9856K, reserved 1048576K
Event: 532.312 GC heap after
Heap after GC invocations=25 (full 5):
 PSYoungGen      total 267776K, used 0K [0x00000000eab00000, 0x00000000fd980000, 0x0000000100000000)
  eden space 240128K, 0% used [0x00000000eab00000,0x00000000eab00000,0x00000000f9580000)
  from space 27648K, 0% used [0x00000000fb980000,0x00000000fb980000,0x00000000fd480000)
  to   space 34816K, 0% used [0x00000000f9580000,0x00000000f9580000,0x00000000fb780000)
 ParOldGen       total 94720K, used 56955K [0x00000000c0000000, 0x00000000c5c80000, 0x00000000eab00000)
  object space 94720K, 60% used [0x00000000c0000000,0x00000000c379eea0,0x00000000c5c80000)
 Metaspace       used 68167K, capacity 72004K, committed 72320K, reserved 1112064K
  class space    used 9047K, capacity 9779K, committed 9856K, reserved 1048576K
}
Event: 761.976 GC heap before
{Heap before GC invocations=26 (full 5):
 PSYoungGen      total 267776K, used 240128K [0x00000000eab00000, 0x00000000fd980000, 0x0000000100000000)
  eden space 240128K, 100% used [0x00000000eab00000,0x00000000f9580000,0x00000000f9580000)
  from space 27648K, 0% used [0x00000000fb980000,0x00000000fb980000,0x00000000fd480000)
  to   space 34816K, 0% used [0x00000000f9580000,0x00000000f9580000,0x00000000fb780000)
 ParOldGen       total 94720K, used 56955K [0x00000000c0000000, 0x00000000c5c80000, 0x00000000eab00000)
  object space 94720K, 60% used [0x00000000c0000000,0x00000000c379eea0,0x00000000c5c80000)
 Metaspace       used 68828K, capacity 72968K, committed 73088K, reserved 1112064K
  class space    used 9102K, capacity 9855K, committed 9856K, reserved 1048576K
Event: 762.002 GC heap after
Heap after GC invocations=26 (full 5):
 PSYoungGen      total 255488K, used 23735K [0x00000000eab00000, 0x00000000fd300000, 0x0000000100000000)
  eden space 231424K, 0% used [0x00000000eab00000,0x00000000eab00000,0x00000000f8d00000)
  from space 24064K, 98% used [0x00000000f9580000,0x00000000facadcb8,0x00000000fad00000)
  to   space 35840K, 0% used [0x00000000fb000000,0x00000000fb000000,0x00000000fd300000)
 ParOldGen       total 94720K, used 56963K [0x00000000c0000000, 0x00000000c5c80000, 0x00000000eab00000)
  object space 94720K, 60% used [0x00000000c0000000,0x00000000c37a0ea0,0x00000000c5c80000)
 Metaspace       used 68828K, capacity 72968K, committed 73088K, reserved 1112064K
  class space    used 9102K, capacity 9855K, committed 9856K, reserved 1048576K
}

