# JRE version: Java(TM) SE Runtime Environment (8.0_60-b27) (build 1.8.0_60-b27)
# Java VM: Java HotSpot(TM) 64-Bit Server VM (25.60-b23 mixed mode windows-amd64 compressed oops)
Heap:
 PSYoungGen      total 111616K, used 69042K [0x00000000eab00000, 0x00000000f8800000, 0x0000000100000000)
  eden space 106496K, 64% used [0x00000000eab00000,0x00000000eee6c9d8,0x00000000f1300000)
  from space 5120K, 0% used [0x00000000f1300000,0x00000000f1300000,0x00000000f1800000)
  to   space 26112K, 0% used [0x00000000f6e80000,0x00000000f6e80000,0x00000000f8800000)
 ParOldGen       total 184832K, used 48119K [0x00000000c0000000, 0x00000000cb480000, 0x00000000eab00000)
  object space 184832K, 26% used [0x00000000c0000000,0x00000000c2efdcd8,0x00000000cb480000)
 Metaspace       used 6455K, capacity 7216K, committed 7296K, reserved 1058816K
  class space    used 604K, capacity 616K, committed 640K, reserved 1048576K
GC Heap History (10 events):
Event: 1.760 GC heap before
{Heap before GC invocations=4 (full 1):
 PSYoungGen      total 71680K, used 66560K [0x00000000eab00000, 0x00000000ef600000, 0x0000000100000000)
  eden space 66560K, 100% used [0x00000000eab00000,0x00000000eec00000,0x00000000eec00000)
  from space 5120K, 0% used [0x00000000ef100000,0x00000000ef100000,0x00000000ef600000)
  to   space 5120K, 0% used [0x00000000eec00000,0x00000000eec00000,0x00000000ef100000)
 ParOldGen       total 48128K, used 2991K [0x00000000c0000000, 0x00000000c2f00000, 0x00000000eab00000)
  object space 48128K, 6% used [0x00000000c0000000,0x00000000c02ebe58,0x00000000c2f00000)
 Metaspace       used 6273K, capacity 7152K, committed 7296K, reserved 1058816K
  class space    used 602K, capacity 616K, committed 640K, reserved 1048576K
Event: 1.775 GC heap after
Heap after GC invocations=4 (full 1):
 PSYoungGen      total 71680K, used 5113K [0x00000000eab00000, 0x00000000f1d00000, 0x0000000100000000)
  eden space 66560K, 0% used [0x00000000eab00000,0x00000000eab00000,0x00000000eec00000)
  from space 5120K, 99% used [0x00000000eec00000,0x00000000ef0fe410,0x00000000ef100000)
  to   space 5120K, 0% used [0x00000000f1800000,0x00000000f1800000,0x00000000f1d00000)
 ParOldGen       total 48128K, used 8566K [0x00000000c0000000, 0x00000000c2f00000, 0x00000000eab00000)
  object space 48128K, 17% used [0x00000000c0000000,0x00000000c085dae8,0x00000000c2f00000)
 Metaspace       used 6273K, capacity 7152K, committed 7296K, reserved 1058816K
  class space    used 602K, capacity 616K, committed 640K, reserved 1048576K
}
Event: 2.158 GC heap before
{Heap before GC invocations=5 (full 1):
 PSYoungGen      total 71680K, used 71673K [0x00000000eab00000, 0x00000000f1d00000, 0x0000000100000000)
  eden space 66560K, 100% used [0x00000000eab00000,0x00000000eec00000,0x00000000eec00000)
  from space 5120K, 99% used [0x00000000eec00000,0x00000000ef0fe410,0x00000000ef100000)
  to   space 5120K, 0% used [0x00000000f1800000,0x00000000f1800000,0x00000000f1d00000)
 ParOldGen       total 48128K, used 8566K [0x00000000c0000000, 0x00000000c2f00000, 0x00000000eab00000)
  object space 48128K, 17% used [0x00000000c0000000,0x00000000c085dae8,0x00000000c2f00000)
 Metaspace       used 6315K, capacity 7152K, committed 7296K, reserved 1058816K
  class space    used 603K, capacity 616K, committed 640K, reserved 1048576K
Event: 2.178 GC heap after
Heap after GC invocations=5 (full 1):
 PSYoungGen      total 111616K, used 5095K [0x00000000eab00000, 0x00000000f1e00000, 0x0000000100000000)
  eden space 106496K, 0% used [0x00000000eab00000,0x00000000eab00000,0x00000000f1300000)
  from space 5120K, 99% used [0x00000000f1800000,0x00000000f1cf9e90,0x00000000f1d00000)
  to   space 5120K, 0% used [0x00000000f1300000,0x00000000f1300000,0x00000000f1800000)
 ParOldGen       total 48128K, used 18496K [0x00000000c0000000, 0x00000000c2f00000, 0x00000000eab00000)
  object space 48128K, 38% used [0x00000000c0000000,0x00000000c1210198,0x00000000c2f00000)
 Metaspace       used 6315K, capacity 7152K, committed 7296K, reserved 1058816K
  class space    used 603K, capacity 616K, committed 640K, reserved 1048576K
}
Event: 2.714 GC heap before
{Heap before GC invocations=6 (full 1):
 PSYoungGen      total 111616K, used 111591K [0x00000000eab00000, 0x00000000f1e00000, 0x0000000100000000)
  eden space 106496K, 100% used [0x00000000eab00000,0x00000000f1300000,0x00000000f1300000)
  from space 5120K, 99% used [0x00000000f1800000,0x00000000f1cf9e90,0x00000000f1d00000)
  to   space 5120K, 0% used [0x00000000f1300000,0x00000000f1300000,0x00000000f1800000)
 ParOldGen       total 48128K, used 18496K [0x00000000c0000000, 0x00000000c2f00000, 0x00000000eab00000)
  object space 48128K, 38% used [0x00000000c0000000,0x00000000c1210198,0x00000000c2f00000)
 Metaspace       used 6400K, capacity 7216K, committed 7296K, reserved 1058816K
  class space    used 603K, capacity 616K, committed 640K, reserved 1048576K
Event: 2.747 GC heap after
Heap after GC invocations=6 (full 1):
 PSYoungGen      total 111616K, used 5100K [0x00000000eab00000, 0x00000000f8800000, 0x0000000100000000)
  eden space 106496K, 0% used [0x00000000eab00000,0x00000000eab00000,0x00000000f1300000)
  from space 5120K, 99% used [0x00000000f1300000,0x00000000f17fb3d8,0x00000000f1800000)
  to   space 26112K, 0% used [0x00000000f6e80000,0x00000000f6e80000,0x00000000f8800000)
 ParOldGen       total 48128K, used 35446K [0x00000000c0000000, 0x00000000c2f00000, 0x00000000eab00000)
  object space 48128K, 73% used [0x00000000c0000000,0x00000000c229db38,0x00000000c2f00000)
 Metaspace       used 6400K, capacity 7216K, committed 7296K, reserved 1058816K
  class space    used 603K, capacity 616K, committed 640K, reserved 1048576K
}
Event: 2.747 GC heap before
{Heap before GC invocations=7 (full 2):
 PSYoungGen      total 111616K, used 5100K [0x00000000eab00000, 0x00000000f8800000, 0x0000000100000000)
  eden space 106496K, 0% used [0x00000000eab00000,0x00000000eab00000,0x00000000f1300000)
  from space 5120K, 99% used [0x00000000f1300000,0x00000000f17fb3d8,0x00000000f1800000)
  to   space 26112K, 0% used [0x00000000f6e80000,0x00000000f6e80000,0x00000000f8800000)
 ParOldGen       total 48128K, used 35446K [0x00000000c0000000, 0x00000000c2f00000, 0x00000000eab00000)
  object space 48128K, 73% used [0x00000000c0000000,0x00000000c229db38,0x00000000c2f00000)
 Metaspace       used 6400K, capacity 7216K, committed 7296K, reserved 1058816K
  class space    used 603K, capacity 616K, committed 640K, reserved 1048576K
Event: 3.216 GC heap after
Heap after GC invocations=7 (full 2):
 PSYoungGen      total 111616K, used 0K [0x00000000eab00000, 0x00000000f8800000, 0x0000000100000000)
  eden space 106496K, 0% used [0x00000000eab00000,0x00000000eab00000,0x00000000f1300000)
  from space 5120K, 0% used [0x00000000f1300000,0x00000000f1300000,0x00000000f1800000)
  to   space 26112K, 0% used [0x00000000f6e80000,0x00000000f6e80000,0x00000000f8800000)
 ParOldGen       total 48128K, used 37677K [0x00000000c0000000, 0x00000000c2f00000, 0x00000000eab00000)
  object space 48128K, 78% used [0x00000000c0000000,0x00000000c24cb760,0x00000000c2f00000)
 Metaspace       used 6400K, capacity 7216K, committed 7296K, reserved 1058816K
  class space    used 603K, capacity 616K, committed 640K, reserved 1048576K
}
Event: 3.875 GC heap before
{Heap before GC invocations=8 (full 3):
 PSYoungGen      total 111616K, used 106496K [0x00000000eab00000, 0x00000000f8800000, 0x0000000100000000)
  eden space 106496K, 100% used [0x00000000eab00000,0x00000000f1300000,0x00000000f1300000)
  from space 5120K, 0% used [0x00000000f1300000,0x00000000f1300000,0x00000000f1800000)
  to   space 26112K, 0% used [0x00000000f6e80000,0x00000000f6e80000,0x00000000f8800000)
 ParOldGen       total 48128K, used 37677K [0x00000000c0000000, 0x00000000c2f00000, 0x00000000eab00000)
  object space 48128K, 78% used [0x00000000c0000000,0x00000000c24cb760,0x00000000c2f00000)
 Metaspace       used 6437K, capacity 7216K, committed 7296K, reserved 1058816K
  class space    used 603K, capacity 616K, committed 640K, reserved 1048576K
Event: 5.097 GC heap after
Heap after GC invocations=8 (full 3):
 PSYoungGen      total 111616K, used 3025K [0x00000000eab00000, 0x00000000f8800000, 0x0000000100000000)
  eden space 106496K, 2% used [0x00000000eab00000,0x00000000eadf46d0,0x00000000f1300000)
  from space 5120K, 0% used [0x00000000f1300000,0x00000000f1300000,0x00000000f1800000)
  to   space 26112K, 0% used [0x00000000f6e80000,0x00000000f6e80000,0x00000000f8800000)
 ParOldGen       total 184832K, used 48119K [0x00000000c0000000, 0x00000000cb480000, 0x00000000eab00000)
  object space 184832K, 26% used [0x00000000c0000000,0x00000000c2efdcd8,0x00000000cb480000)
 Metaspace       used 6437K, capacity 7216K, committed 7296K, reserved 1058816K
  class space    used 603K, capacity 616K, committed 640K, reserved 1048576K
}

