# JRE version: Java(TM) SE Runtime Environment (8.0_60-b27) (build 1.8.0_60-b27)
# Java VM: Java HotSpot(TM) 64-Bit Server VM (25.60-b23 mixed mode windows-amd64 compressed oops)
Heap:
 PSYoungGen      total 228352K, used 116068K [0x00000000eab00000, 0x0000000100000000, 0x0000000100000000)
  eden space 116736K, 10% used [0x00000000eab00000,0x00000000eb7566a0,0x00000000f1d00000)
  from space 111616K, 92% used [0x00000000f9300000,0x00000000ff8029a0,0x0000000100000000)
  to   space 116224K, 0% used [0x00000000f1d00000,0x00000000f1d00000,0x00000000f8e80000)
 ParOldGen       total 286720K, used 193838K [0x00000000c0000000, 0x00000000d1800000, 0x00000000eab00000)
  object space 286720K, 67% used [0x00000000c0000000,0x00000000cbd4bb38,0x00000000d1800000)
 Metaspace       used 6954K, capacity 7608K, committed 7936K, reserved 1056768K
  class space    used 644K, capacity 688K, committed 768K, reserved 1048576K
GC Heap History (10 events):
Event: 13.897 GC heap before
{Heap before GC invocations=12 (full 1):
 PSYoungGen      total 242176K, used 242171K [0x00000000eab00000, 0x0000000100000000, 0x0000000100000000)
  eden space 167936K, 100% used [0x00000000eab00000,0x00000000f4f00000,0x00000000f4f00000)
  from space 74240K, 99% used [0x00000000fb780000,0x00000000ffffecc8,0x0000000100000000)
  to   space 90624K, 0% used [0x00000000f4f00000,0x00000000f4f00000,0x00000000fa780000)
 ParOldGen       total 171008K, used 132397K [0x00000000c0000000, 0x00000000ca700000, 0x00000000eab00000)
  object space 171008K, 77% used [0x00000000c0000000,0x00000000c814b5b0,0x00000000ca700000)
 Metaspace       used 6592K, capacity 7320K, committed 7680K, reserved 1056768K
  class space    used 625K, capacity 656K, committed 768K, reserved 1048576K
Event: 14.070 GC heap after
Heap after GC invocations=12 (full 1):
 PSYoungGen      total 250880K, used 82680K [0x00000000eab00000, 0x0000000100000000, 0x0000000100000000)
  eden space 167936K, 0% used [0x00000000eab00000,0x00000000eab00000,0x00000000f4f00000)
  from space 82944K, 99% used [0x00000000f4f00000,0x00000000f9fbe340,0x00000000fa000000)
  to   space 98304K, 0% used [0x00000000fa000000,0x00000000fa000000,0x0000000100000000)
 ParOldGen       total 171008K, used 153445K [0x00000000c0000000, 0x00000000ca700000, 0x00000000eab00000)
  object space 171008K, 89% used [0x00000000c0000000,0x00000000c95d9400,0x00000000ca700000)
 Metaspace       used 6592K, capacity 7320K, committed 7680K, reserved 1056768K
  class space    used 625K, capacity 656K, committed 768K, reserved 1048576K
}
Event: 14.071 GC heap before
{Heap before GC invocations=13 (full 2):
 PSYoungGen      total 250880K, used 82680K [0x00000000eab00000, 0x0000000100000000, 0x0000000100000000)
  eden space 167936K, 0% used [0x00000000eab00000,0x00000000eab00000,0x00000000f4f00000)
  from space 82944K, 99% used [0x00000000f4f00000,0x00000000f9fbe340,0x00000000fa000000)
  to   space 98304K, 0% used [0x00000000fa000000,0x00000000fa000000,0x0000000100000000)
 ParOldGen       total 171008K, used 153445K [0x00000000c0000000, 0x00000000ca700000, 0x00000000eab00000)
  object space 171008K, 89% used [0x00000000c0000000,0x00000000c95d9400,0x00000000ca700000)
 Metaspace       used 6592K, capacity 7320K, committed 7680K, reserved 1056768K
  class space    used 625K, capacity 656K, committed 768K, reserved 1048576K
Event: 15.784 GC heap after
Heap after GC invocations=13 (full 2):
 PSYoungGen      total 250880K, used 57779K [0x00000000eab00000, 0x0000000100000000, 0x0000000100000000)
  eden space 167936K, 0% used [0x00000000eab00000,0x00000000eab00000,0x00000000f4f00000)
  from space 82944K, 69% used [0x00000000f4f00000,0x00000000f876ccc8,0x00000000fa000000)
  to   space 98304K, 0% used [0x00000000fa000000,0x00000000fa000000,0x0000000100000000)
 ParOldGen       total 286720K, used 170613K [0x00000000c0000000, 0x00000000d1800000, 0x00000000eab00000)
  object space 286720K, 59% used [0x00000000c0000000,0x00000000ca69d4b0,0x00000000d1800000)
 Metaspace       used 6592K, capacity 7320K, committed 7680K, reserved 1056768K
  class space    used 625K, capacity 656K, committed 768K, reserved 1048576K
}
Event: 16.897 GC heap before
{Heap before GC invocations=14 (full 2):
 PSYoungGen      total 250880K, used 225715K [0x00000000eab00000, 0x0000000100000000, 0x0000000100000000)
  eden space 167936K, 100% used [0x00000000eab00000,0x00000000f4f00000,0x00000000f4f00000)
  from space 82944K, 69% used [0x00000000f4f00000,0x00000000f876ccc8,0x00000000fa000000)
  to   space 98304K, 0% used [0x00000000fa000000,0x00000000fa000000,0x0000000100000000)
 ParOldGen       total 286720K, used 170613K [0x00000000c0000000, 0x00000000d1800000, 0x00000000eab00000)
  object space 286720K, 59% used [0x00000000c0000000,0x00000000ca69d4b0,0x00000000d1800000)
 Metaspace       used 6602K, capacity 7320K, committed 7680K, reserved 1056768K
  class space    used 625K, capacity 656K, committed 768K, reserved 1048576K
Event: 17.017 GC heap after
Heap after GC invocations=14 (full 2):
 PSYoungGen      total 239616K, used 58235K [0x00000000eab00000, 0x0000000100000000, 0x0000000100000000)
  eden space 141312K, 0% used [0x00000000eab00000,0x00000000eab00000,0x00000000f3500000)
  from space 98304K, 59% used [0x00000000fa000000,0x00000000fd8dece8,0x0000000100000000)
  to   space 103936K, 0% used [0x00000000f3500000,0x00000000f3500000,0x00000000f9a80000)
 ParOldGen       total 286720K, used 193838K [0x00000000c0000000, 0x00000000d1800000, 0x00000000eab00000)
  object space 286720K, 67% used [0x00000000c0000000,0x00000000cbd4bb38,0x00000000d1800000)
 Metaspace       used 6602K, capacity 7320K, committed 7680K, reserved 1056768K
  class space    used 625K, capacity 656K, committed 768K, reserved 1048576K
}
Event: 18.394 GC heap before
{Heap before GC invocations=15 (full 2):
 PSYoungGen      total 239616K, used 199547K [0x00000000eab00000, 0x0000000100000000, 0x0000000100000000)
  eden space 141312K, 100% used [0x00000000eab00000,0x00000000f3500000,0x00000000f3500000)
  from space 98304K, 59% used [0x00000000fa000000,0x00000000fd8dece8,0x0000000100000000)
  to   space 103936K, 0% used [0x00000000f3500000,0x00000000f3500000,0x00000000f9a80000)
 ParOldGen       total 286720K, used 193838K [0x00000000c0000000, 0x00000000d1800000, 0x00000000eab00000)
  object space 286720K, 67% used [0x00000000c0000000,0x00000000cbd4bb38,0x00000000d1800000)
 Metaspace       used 6615K, capacity 7320K, committed 7680K, reserved 1056768K
  class space    used 625K, capacity 656K, committed 768K, reserved 1048576K
Event: 18.611 GC heap after
Heap after GC invocations=15 (full 2):
 PSYoungGen      total 221184K, used 79479K [0x00000000eab00000, 0x0000000100000000, 0x0000000100000000)
  eden space 141312K, 0% used [0x00000000eab00000,0x00000000eab00000,0x00000000f3500000)
  from space 79872K, 99% used [0x00000000f3500000,0x00000000f829dc50,0x00000000f8300000)
  to   space 111616K, 0% used [0x00000000f9300000,0x00000000f9300000,0x0000000100000000)
 ParOldGen       total 286720K, used 193838K [0x00000000c0000000, 0x00000000d1800000, 0x00000000eab00000)
  object space 286720K, 67% used [0x00000000c0000000,0x00000000cbd4bb38,0x00000000d1800000)
 Metaspace       used 6615K, capacity 7320K, committed 7680K, reserved 1056768K
  class space    used 625K, capacity 656K, committed 768K, reserved 1048576K
}
Event: 20.753 GC heap before
{Heap before GC invocations=16 (full 2):
 PSYoungGen      total 221184K, used 220791K [0x00000000eab00000, 0x0000000100000000, 0x0000000100000000)
  eden space 141312K, 100% used [0x00000000eab00000,0x00000000f3500000,0x00000000f3500000)
  from space 79872K, 99% used [0x00000000f3500000,0x00000000f829dc50,0x00000000f8300000)
  to   space 111616K, 0% used [0x00000000f9300000,0x00000000f9300000,0x0000000100000000)
 ParOldGen       total 286720K, used 193838K [0x00000000c0000000, 0x00000000d1800000, 0x00000000eab00000)
  object space 286720K, 67% used [0x00000000c0000000,0x00000000cbd4bb38,0x00000000d1800000)
 Metaspace       used 6938K, capacity 7608K, committed 7936K, reserved 1056768K
  class space    used 644K, capacity 688K, committed 768K, reserved 1048576K
Event: 20.936 GC heap after
Heap after GC invocations=16 (full 2):
 PSYoungGen      total 228352K, used 103434K [0x00000000eab00000, 0x0000000100000000, 0x0000000100000000)
  eden space 116736K, 0% used [0x00000000eab00000,0x00000000eab00000,0x00000000f1d00000)
  from space 111616K, 92% used [0x00000000f9300000,0x00000000ff8029a0,0x0000000100000000)
  to   space 116224K, 0% used [0x00000000f1d00000,0x00000000f1d00000,0x00000000f8e80000)
 ParOldGen       total 286720K, used 193838K [0x00000000c0000000, 0x00000000d1800000, 0x00000000eab00000)
  object space 286720K, 67% used [0x00000000c0000000,0x00000000cbd4bb38,0x00000000d1800000)
 Metaspace       used 6938K, capacity 7608K, committed 7936K, reserved 1056768K
  class space    used 644K, capacity 688K, committed 768K, reserved 1048576K
}

