# JRE version: Java(TM) SE Runtime Environment (8.0_60-b27) (build 1.8.0_60-b27)
# Java VM: Java HotSpot(TM) 64-Bit Server VM (25.60-b23 mixed mode windows-amd64 compressed oops)
Heap:
 PSYoungGen      total 229376K, used 166481K [0x00000000eab00000, 0x0000000100000000, 0x0000000100000000)
  eden space 116736K, 55% used [0x00000000eab00000,0x00000000eea01108,0x00000000f1d00000)
  from space 112640K, 90% used [0x00000000f9200000,0x00000000ff593630,0x0000000100000000)
  to   space 116224K, 0% used [0x00000000f1d00000,0x00000000f1d00000,0x00000000f8e80000)
 ParOldGen       total 317440K, used 175593K [0x00000000c0000000, 0x00000000d3600000, 0x00000000eab00000)
  object space 317440K, 55% used [0x00000000c0000000,0x00000000cab7a4a0,0x00000000d3600000)
 Metaspace       used 6613K, capacity 7320K, committed 7680K, reserved 1056768K
  class space    used 625K, capacity 656K, committed 768K, reserved 1048576K
GC Heap History (10 events):
Event: 18.028 GC heap before
{Heap before GC invocations=12 (full 1):
 PSYoungGen      total 210432K, used 210404K [0x00000000eab00000, 0x0000000100000000, 0x0000000100000000)
  eden space 146432K, 100% used [0x00000000eab00000,0x00000000f3a00000,0x00000000f3a00000)
  from space 64000K, 99% used [0x00000000fc180000,0x00000000ffff9160,0x0000000100000000)
  to   space 101376K, 0% used [0x00000000f3a00000,0x00000000f3a00000,0x00000000f9d00000)
 ParOldGen       total 175616K, used 135710K [0x00000000c0000000, 0x00000000cab80000, 0x00000000eab00000)
  object space 175616K, 77% used [0x00000000c0000000,0x00000000c8487ba8,0x00000000cab80000)
 Metaspace       used 6608K, capacity 7320K, committed 7680K, reserved 1056768K
  class space    used 625K, capacity 656K, committed 768K, reserved 1048576K
Event: 18.223 GC heap after
Heap after GC invocations=12 (full 1):
 PSYoungGen      total 247808K, used 46779K [0x00000000eab00000, 0x0000000100000000, 0x0000000100000000)
  eden space 146432K, 0% used [0x00000000eab00000,0x00000000eab00000,0x00000000f3a00000)
  from space 101376K, 46% used [0x00000000f3a00000,0x00000000f67aec50,0x00000000f9d00000)
  to   space 98816K, 0% used [0x00000000f9f80000,0x00000000f9f80000,0x0000000100000000)
 ParOldGen       total 175616K, used 174960K [0x00000000c0000000, 0x00000000cab80000, 0x00000000eab00000)
  object space 175616K, 99% used [0x00000000c0000000,0x00000000caadc2d0,0x00000000cab80000)
 Metaspace       used 6608K, capacity 7320K, committed 7680K, reserved 1056768K
  class space    used 625K, capacity 656K, committed 768K, reserved 1048576K
}
Event: 18.223 GC heap before
{Heap before GC invocations=13 (full 2):
 PSYoungGen      total 247808K, used 46779K [0x00000000eab00000, 0x0000000100000000, 0x0000000100000000)
  eden space 146432K, 0% used [0x00000000eab00000,0x00000000eab00000,0x00000000f3a00000)
  from space 101376K, 46% used [0x00000000f3a00000,0x00000000f67aec50,0x00000000f9d00000)
  to   space 98816K, 0% used [0x00000000f9f80000,0x00000000f9f80000,0x0000000100000000)
 ParOldGen       total 175616K, used 174960K [0x00000000c0000000, 0x00000000cab80000, 0x00000000eab00000)
  object space 175616K, 99% used [0x00000000c0000000,0x00000000caadc2d0,0x00000000cab80000)
 Metaspace       used 6608K, capacity 7320K, committed 7680K, reserved 1056768K
  class space    used 625K, capacity 656K, committed 768K, reserved 1048576K
Event: 20.023 GC heap after
Heap after GC invocations=13 (full 2):
 PSYoungGen      total 247808K, used 38881K [0x00000000eab00000, 0x0000000100000000, 0x0000000100000000)
  eden space 146432K, 0% used [0x00000000eab00000,0x00000000eab00000,0x00000000f3a00000)
  from space 101376K, 38% used [0x00000000f3a00000,0x00000000f5ff85e8,0x00000000f9d00000)
  to   space 98816K, 0% used [0x00000000f9f80000,0x00000000f9f80000,0x0000000100000000)
 ParOldGen       total 317440K, used 175593K [0x00000000c0000000, 0x00000000d3600000, 0x00000000eab00000)
  object space 317440K, 55% used [0x00000000c0000000,0x00000000cab7a4a0,0x00000000d3600000)
 Metaspace       used 6608K, capacity 7320K, committed 7680K, reserved 1056768K
  class space    used 625K, capacity 656K, committed 768K, reserved 1048576K
}
Event: 20.948 GC heap before
{Heap before GC invocations=14 (full 2):
 PSYoungGen      total 247808K, used 185313K [0x00000000eab00000, 0x0000000100000000, 0x0000000100000000)
  eden space 146432K, 100% used [0x00000000eab00000,0x00000000f3a00000,0x00000000f3a00000)
  from space 101376K, 38% used [0x00000000f3a00000,0x00000000f5ff85e8,0x00000000f9d00000)
  to   space 98816K, 0% used [0x00000000f9f80000,0x00000000f9f80000,0x0000000100000000)
 ParOldGen       total 317440K, used 175593K [0x00000000c0000000, 0x00000000d3600000, 0x00000000eab00000)
  object space 317440K, 55% used [0x00000000c0000000,0x00000000cab7a4a0,0x00000000d3600000)
 Metaspace       used 6611K, capacity 7320K, committed 7680K, reserved 1056768K
  class space    used 625K, capacity 656K, committed 768K, reserved 1048576K
Event: 21.102 GC heap after
Heap after GC invocations=14 (full 2):
 PSYoungGen      total 245248K, used 61276K [0x00000000eab00000, 0x0000000100000000, 0x0000000100000000)
  eden space 146432K, 0% used [0x00000000eab00000,0x00000000eab00000,0x00000000f3a00000)
  from space 98816K, 62% used [0x00000000f9f80000,0x00000000fdb57120,0x0000000100000000)
  to   space 101376K, 0% used [0x00000000f3a00000,0x00000000f3a00000,0x00000000f9d00000)
 ParOldGen       total 317440K, used 175593K [0x00000000c0000000, 0x00000000d3600000, 0x00000000eab00000)
  object space 317440K, 55% used [0x00000000c0000000,0x00000000cab7a4a0,0x00000000d3600000)
 Metaspace       used 6611K, capacity 7320K, committed 7680K, reserved 1056768K
  class space    used 625K, capacity 656K, committed 768K, reserved 1048576K
}
Event: 22.325 GC heap before
{Heap before GC invocations=15 (full 2):
 PSYoungGen      total 245248K, used 207708K [0x00000000eab00000, 0x0000000100000000, 0x0000000100000000)
  eden space 146432K, 100% used [0x00000000eab00000,0x00000000f3a00000,0x00000000f3a00000)
  from space 98816K, 62% used [0x00000000f9f80000,0x00000000fdb57120,0x0000000100000000)
  to   space 101376K, 0% used [0x00000000f3a00000,0x00000000f3a00000,0x00000000f9d00000)
 ParOldGen       total 317440K, used 175593K [0x00000000c0000000, 0x00000000d3600000, 0x00000000eab00000)
  object space 317440K, 55% used [0x00000000c0000000,0x00000000cab7a4a0,0x00000000d3600000)
 Metaspace       used 6612K, capacity 7320K, committed 7680K, reserved 1056768K
  class space    used 625K, capacity 656K, committed 768K, reserved 1048576K
Event: 22.573 GC heap after
Heap after GC invocations=15 (full 2):
 PSYoungGen      total 232960K, used 86330K [0x00000000eab00000, 0x0000000100000000, 0x0000000100000000)
  eden space 146432K, 0% used [0x00000000eab00000,0x00000000eab00000,0x00000000f3a00000)
  from space 86528K, 99% used [0x00000000f3a00000,0x00000000f8e4e910,0x00000000f8e80000)
  to   space 112640K, 0% used [0x00000000f9200000,0x00000000f9200000,0x0000000100000000)
 ParOldGen       total 317440K, used 175593K [0x00000000c0000000, 0x00000000d3600000, 0x00000000eab00000)
  object space 317440K, 55% used [0x00000000c0000000,0x00000000cab7a4a0,0x00000000d3600000)
 Metaspace       used 6612K, capacity 7320K, committed 7680K, reserved 1056768K
  class space    used 625K, capacity 656K, committed 768K, reserved 1048576K
}
Event: 24.626 GC heap before
{Heap before GC invocations=16 (full 2):
 PSYoungGen      total 232960K, used 232762K [0x00000000eab00000, 0x0000000100000000, 0x0000000100000000)
  eden space 146432K, 100% used [0x00000000eab00000,0x00000000f3a00000,0x00000000f3a00000)
  from space 86528K, 99% used [0x00000000f3a00000,0x00000000f8e4e910,0x00000000f8e80000)
  to   space 112640K, 0% used [0x00000000f9200000,0x00000000f9200000,0x0000000100000000)
 ParOldGen       total 317440K, used 175593K [0x00000000c0000000, 0x00000000d3600000, 0x00000000eab00000)
  object space 317440K, 55% used [0x00000000c0000000,0x00000000cab7a4a0,0x00000000d3600000)
 Metaspace       used 6613K, capacity 7320K, committed 7680K, reserved 1056768K
  class space    used 625K, capacity 656K, committed 768K, reserved 1048576K
Event: 24.907 GC heap after
Heap after GC invocations=16 (full 2):
 PSYoungGen      total 229376K, used 101965K [0x00000000eab00000, 0x0000000100000000, 0x0000000100000000)
  eden space 116736K, 0% used [0x00000000eab00000,0x00000000eab00000,0x00000000f1d00000)
  from space 112640K, 90% used [0x00000000f9200000,0x00000000ff593630,0x0000000100000000)
  to   space 116224K, 0% used [0x00000000f1d00000,0x00000000f1d00000,0x00000000f8e80000)
 ParOldGen       total 317440K, used 175593K [0x00000000c0000000, 0x00000000d3600000, 0x00000000eab00000)
  object space 317440K, 55% used [0x00000000c0000000,0x00000000cab7a4a0,0x00000000d3600000)
 Metaspace       used 6613K, capacity 7320K, committed 7680K, reserved 1056768K
  class space    used 625K, capacity 656K, committed 768K, reserved 1048576K
}

